<?xml version="1.0" encoding="UTF-8"?>
<!-- Generated by org.testng.reporters.JUnitXMLReporter -->
<testsuite hostname="DESKTOP-92AC7BP" ignored="0" name="Login Module Test Cases 2" tests="3" failures="0" timestamp="2020-09-11T14:40:54 IST" time="85.182" errors="0">
  <testcase name="intuitButton" time="0.235" classname="com.axis.testCases.TC_LoginToCompanyTestCases"/>
  <testcase name="SignInTest" time="23.645" classname="com.axis.testCases.TC_LoginToCompanyTestCases"/>
  <testcase name="CompanySelection" time="50.654" classname="com.axis.testCases.TC_LoginToCompanyTestCases"/>
</testsuite> <!-- Login Module Test Cases 2 -->
