<?xml version="1.0" encoding="UTF-8"?>
<testng-results skipped="0" failed="1" ignored="0" total="9" passed="8">
  <reporter-output>
  </reporter-output>
  <suite name="Zed_Axis_Framework" duration-ms="264202" started-at="2020-09-14T15:31:07 IST" finished-at="2020-09-14T15:35:31 IST">
    <groups>
    </groups>
    <test name="Login Module Test Cases" duration-ms="264202" started-at="2020-09-14T15:31:07 IST" finished-at="2020-09-14T15:35:31 IST">
      <class name="com.axis.testCases.TC_LoginTestCases">
        <test-method status="PASS" signature="Setup(java.lang.String)[pri:0, instance:com.axis.testCases.TC_LoginTestCases@33c7e1bb]" name="Setup" is-config="true" duration-ms="12742" started-at="2020-09-14T15:31:08 IST" finished-at="2020-09-14T15:31:20 IST">
          <params>
            <param index="0">
              <value>
                <![CDATA[chrome]]>
              </value>
            </param>
          </params>
          <reporter-output>
          </reporter-output>
        </test-method> <!-- Setup -->
        <test-method status="PASS" signature="intuitButton()[pri:1, instance:com.axis.testCases.TC_LoginTestCases@33c7e1bb]" name="intuitButton" duration-ms="723" started-at="2020-09-14T15:31:20 IST" finished-at="2020-09-14T15:31:21 IST">
          <reporter-output>
          </reporter-output>
        </test-method> <!-- intuitButton -->
        <test-method status="PASS" signature="ForgotScreen()[pri:2, instance:com.axis.testCases.TC_LoginTestCases@33c7e1bb]" name="ForgotScreen" duration-ms="38179" started-at="2020-09-14T15:31:21 IST" finished-at="2020-09-14T15:31:59 IST">
          <reporter-output>
          </reporter-output>
        </test-method> <!-- ForgotScreen -->
        <test-method status="PASS" signature="NewAccount()[pri:3, instance:com.axis.testCases.TC_LoginTestCases@33c7e1bb]" name="NewAccount" duration-ms="34196" started-at="2020-09-14T15:31:59 IST" finished-at="2020-09-14T15:32:34 IST">
          <reporter-output>
          </reporter-output>
        </test-method> <!-- NewAccount -->
        <test-method status="PASS" signature="SignInTest()[pri:4, instance:com.axis.testCases.TC_LoginTestCases@33c7e1bb]" name="SignInTest" duration-ms="61980" started-at="2020-09-14T15:32:34 IST" finished-at="2020-09-14T15:33:36 IST">
          <reporter-output>
          </reporter-output>
        </test-method> <!-- SignInTest -->
        <test-method status="PASS" signature="NotYouLink()[pri:5, instance:com.axis.testCases.TC_LoginTestCases@33c7e1bb]" name="NotYouLink" duration-ms="11184" started-at="2020-09-14T15:33:36 IST" finished-at="2020-09-14T15:33:47 IST">
          <reporter-output>
          </reporter-output>
        </test-method> <!-- NotYouLink -->
        <test-method status="PASS" signature="SignInTest2()[pri:6, instance:com.axis.testCases.TC_LoginTestCases@33c7e1bb]" name="SignInTest2" duration-ms="22033" started-at="2020-09-14T15:33:47 IST" finished-at="2020-09-14T15:34:09 IST">
          <reporter-output>
          </reporter-output>
        </test-method> <!-- SignInTest2 -->
        <test-method status="FAIL" signature="NOThanksButton()[pri:7, instance:com.axis.testCases.TC_LoginTestCases@33c7e1bb]" name="NOThanksButton" duration-ms="8212" started-at="2020-09-14T15:34:09 IST" finished-at="2020-09-14T15:34:17 IST">
          <exception class="org.openqa.selenium.NoAlertPresentException">
            <message>
              <![CDATA[no such alert
  (Session info: chrome=85.0.4183.83)
Build info: version: '3.141.59', revision: 'e82be7d358', time: '2018-11-14T08:17:03'
System info: host: 'DESKTOP-92AC7BP', ip: '192.168.1.5', os.name: 'Windows 10', os.arch: 'amd64', os.version: '10.0', java.version: '1.8.0_92'
Driver info: org.openqa.selenium.chrome.ChromeDriver
Capabilities {acceptInsecureCerts: false, browserName: chrome, browserVersion: 85.0.4183.83, chrome: {chromedriverVersion: 85.0.4183.87 (cd6713ebf92fa..., userDataDir: C:\Users\Rasika\AppData\Loc...}, goog:chromeOptions: {debuggerAddress: localhost:51944}, javascriptEnabled: true, networkConnectionEnabled: false, pageLoadStrategy: normal, platform: WINDOWS, platformName: WINDOWS, proxy: Proxy(), setWindowRect: true, strictFileInteractability: false, timeouts: {implicit: 0, pageLoad: 300000, script: 30000}, unhandledPromptBehavior: dismiss and notify, webauthn:virtualAuthenticators: true}
Session ID: 02206f1b66125cb8d8c97615f58d7e0f]]>
            </message>
            <full-stacktrace>
              <![CDATA[org.openqa.selenium.NoAlertPresentException: no such alert
  (Session info: chrome=85.0.4183.83)
Build info: version: '3.141.59', revision: 'e82be7d358', time: '2018-11-14T08:17:03'
System info: host: 'DESKTOP-92AC7BP', ip: '192.168.1.5', os.name: 'Windows 10', os.arch: 'amd64', os.version: '10.0', java.version: '1.8.0_92'
Driver info: org.openqa.selenium.chrome.ChromeDriver
Capabilities {acceptInsecureCerts: false, browserName: chrome, browserVersion: 85.0.4183.83, chrome: {chromedriverVersion: 85.0.4183.87 (cd6713ebf92fa..., userDataDir: C:\Users\Rasika\AppData\Loc...}, goog:chromeOptions: {debuggerAddress: localhost:51944}, javascriptEnabled: true, networkConnectionEnabled: false, pageLoadStrategy: normal, platform: WINDOWS, platformName: WINDOWS, proxy: Proxy(), setWindowRect: true, strictFileInteractability: false, timeouts: {implicit: 0, pageLoad: 300000, script: 30000}, unhandledPromptBehavior: dismiss and notify, webauthn:virtualAuthenticators: true}
Session ID: 02206f1b66125cb8d8c97615f58d7e0f
at sun.reflect.NativeConstructorAccessorImpl.newInstance0(Native Method)
at sun.reflect.NativeConstructorAccessorImpl.newInstance(Unknown Source)
at sun.reflect.DelegatingConstructorAccessorImpl.newInstance(Unknown Source)
at java.lang.reflect.Constructor.newInstance(Unknown Source)
at org.openqa.selenium.remote.http.W3CHttpResponseCodec.createException(W3CHttpResponseCodec.java:187)
at org.openqa.selenium.remote.http.W3CHttpResponseCodec.decode(W3CHttpResponseCodec.java:122)
at org.openqa.selenium.remote.http.W3CHttpResponseCodec.decode(W3CHttpResponseCodec.java:49)
at org.openqa.selenium.remote.HttpCommandExecutor.execute(HttpCommandExecutor.java:158)
at org.openqa.selenium.remote.service.DriverCommandExecutor.execute(DriverCommandExecutor.java:83)
at org.openqa.selenium.remote.RemoteWebDriver.execute(RemoteWebDriver.java:552)
at org.openqa.selenium.remote.RemoteWebDriver.execute(RemoteWebDriver.java:609)
at org.openqa.selenium.remote.RemoteWebDriver$RemoteTargetLocator.alert(RemoteWebDriver.java:932)
at com.axis.testCases.TC_LoginTestCases.NOThanksButton(TC_LoginTestCases.java:331)
at sun.reflect.NativeMethodAccessorImpl.invoke0(Native Method)
at sun.reflect.NativeMethodAccessorImpl.invoke(Unknown Source)
at sun.reflect.DelegatingMethodAccessorImpl.invoke(Unknown Source)
at java.lang.reflect.Method.invoke(Unknown Source)
at org.testng.internal.MethodInvocationHelper.invokeMethod(MethodInvocationHelper.java:134)
at org.testng.internal.TestInvoker.invokeMethod(TestInvoker.java:597)
at org.testng.internal.TestInvoker.invokeTestMethod(TestInvoker.java:173)
at org.testng.internal.MethodRunner.runInSequence(MethodRunner.java:46)
at org.testng.internal.TestInvoker$MethodInvocationAgent.invoke(TestInvoker.java:816)
at org.testng.internal.TestInvoker.invokeTestMethods(TestInvoker.java:146)
at org.testng.internal.TestMethodWorker.invokeTestMethods(TestMethodWorker.java:146)
at org.testng.internal.TestMethodWorker.run(TestMethodWorker.java:128)
at java.util.ArrayList.forEach(Unknown Source)
at org.testng.TestRunner.privateRun(TestRunner.java:766)
at org.testng.TestRunner.run(TestRunner.java:587)
at org.testng.SuiteRunner.runTest(SuiteRunner.java:384)
at org.testng.SuiteRunner.runSequentially(SuiteRunner.java:378)
at org.testng.SuiteRunner.privateRun(SuiteRunner.java:337)
at org.testng.SuiteRunner.run(SuiteRunner.java:286)
at org.testng.SuiteRunnerWorker.runSuite(SuiteRunnerWorker.java:53)
at org.testng.SuiteRunnerWorker.run(SuiteRunnerWorker.java:96)
at org.testng.TestNG.runSuitesSequentially(TestNG.java:1187)
at org.testng.TestNG.runSuitesLocally(TestNG.java:1109)
at org.testng.TestNG.runSuites(TestNG.java:1039)
at org.testng.TestNG.run(TestNG.java:1007)
at org.testng.remote.AbstractRemoteTestNG.run(AbstractRemoteTestNG.java:115)
at org.testng.remote.RemoteTestNG.initAndRun(RemoteTestNG.java:251)
at org.testng.remote.RemoteTestNG.main(RemoteTestNG.java:77)
]]>
            </full-stacktrace>
          </exception> <!-- org.openqa.selenium.NoAlertPresentException -->
          <reporter-output>
          </reporter-output>
        </test-method> <!-- NOThanksButton -->
        <test-method status="PASS" signature="SignInTest3()[pri:8, instance:com.axis.testCases.TC_LoginTestCases@33c7e1bb]" name="SignInTest3" duration-ms="17260" started-at="2020-09-14T15:34:17 IST" finished-at="2020-09-14T15:34:34 IST">
          <reporter-output>
          </reporter-output>
        </test-method> <!-- SignInTest3 -->
        <test-method status="PASS" signature="CompanySelection()[pri:9, instance:com.axis.testCases.TC_LoginTestCases@33c7e1bb]" name="CompanySelection" duration-ms="55047" started-at="2020-09-14T15:34:34 IST" finished-at="2020-09-14T15:35:29 IST">
          <reporter-output>
          </reporter-output>
        </test-method> <!-- CompanySelection -->
        <test-method status="PASS" signature="teardown()[pri:0, instance:com.axis.testCases.TC_LoginTestCases@33c7e1bb]" name="teardown" is-config="true" duration-ms="1962" started-at="2020-09-14T15:35:29 IST" finished-at="2020-09-14T15:35:31 IST">
          <reporter-output>
          </reporter-output>
        </test-method> <!-- teardown -->
      </class> <!-- com.axis.testCases.TC_LoginTestCases -->
    </test> <!-- Login Module Test Cases -->
  </suite> <!-- Zed_Axis_Framework -->
</testng-results>
